[19:43:39] [ServerMain/INFO]: Environment: authHost='https://authserver.mojang.com', accountsHost='https://api.mojang.com', sessionHost='https://sessionserver.mojang.com', servicesHost='https://api.minecraftservices.com', name='PROD'
[19:43:40] [Worker-Main-1/INFO]: Loaded 7 recipes
[19:43:42] [Server thread/INFO]: Starting minecraft server version 1.18.2
[19:43:42] [Server thread/WARN]: ****************************
[19:43:42] [Server thread/WARN]: YOU ARE RUNNING THIS SERVER AS AN ADMINISTRATIVE OR ROOT USER. THIS IS NOT ADVISED.
[19:43:42] [Server thread/WARN]: YOU ARE OPENING YOURSELF UP TO POTENTIAL RISKS WHEN DOING THIS.
[19:43:42] [Server thread/WARN]: FOR MORE INFORMATION, SEE https://madelinemiller.dev/blog/root-minecraft-server/
[19:43:42] [Server thread/WARN]: ****************************
[19:43:42] [Server thread/INFO]: Loading properties
[19:43:42] [Server thread/INFO]: This server is running Paper version git-Paper-388 (MC: 1.18.2) (Implementing API version 1.18.2-R0.1-SNAPSHOT) (Git: fc9ee65 on ver/1.18.2)
[19:43:42] [Server thread/INFO]: Server Ping Player Sample Count: 12
[19:43:42] [Server thread/INFO]: Using 4 threads for Netty based IO
[19:43:42] [Server thread/INFO]: Default game type: SURVIVAL
[19:43:42] [Server thread/INFO]: Generating keypair
[19:43:42] [Server thread/INFO]: Starting Minecraft server on *:25567
[19:43:42] [Server thread/INFO]: Using epoll channel type
[19:43:42] [Server thread/INFO]: Paper: Using libdeflate (Linux x86_64) compression from Velocity.
[19:43:42] [Server thread/INFO]: Paper: Using OpenSSL 1.1.x (Linux x86_64) cipher from Velocity.
[19:43:44] [Server thread/ERROR]: Could not load 'plugins/AuthMeVelocity-Paper-4.0.4.jar' in folder 'plugins'
org.bukkit.plugin.UnknownDependencyException: Unknown/missing dependency plugins: [AuthMe]. Please download and install these plugins to run 'AuthMeVelocity'.
	at org.bukkit.plugin.SimplePluginManager.loadPlugins(SimplePluginManager.java:291) ~[paper-api-1.18.2-R0.1-SNAPSHOT.jar:?]
	at org.bukkit.craftbukkit.v1_18_R2.CraftServer.loadPlugins(CraftServer.java:418) ~[paper-1.18.2.jar:git-Paper-388]
	at net.minecraft.server.dedicated.DedicatedServer.initServer(DedicatedServer.java:288) ~[paper-1.18.2.jar:git-Paper-388]
	at net.minecraft.server.MinecraftServer.runServer(MinecraftServer.java:1164) ~[paper-1.18.2.jar:git-Paper-388]
	at net.minecraft.server.MinecraftServer.lambda$spin$0(MinecraftServer.java:316) ~[paper-1.18.2.jar:git-Paper-388]
	at java.lang.Thread.run(Thread.java:1583) ~[?:?]
[19:43:44] [Server thread/INFO]: [ViaVersion] Loading ViaVersion v4.9.2
[19:43:44] [Server thread/INFO]: [ViaVersion] ViaVersion 4.9.2 is now loaded. Registering protocol transformers and injecting...
[19:43:45] [Via-Mappingloader-0/INFO]: [ViaVersion] Loading block connection mappings ...
[19:43:45] [Via-Mappingloader-0/INFO]: [ViaVersion] Using FastUtil Long2ObjectOpenHashMap for block connections
[19:43:45] [Server thread/INFO]: [Vault] Loading Vault v1.7.3-b131
[19:43:45] [Server thread/INFO]: [ProtocolLib] Loading ProtocolLib v5.1.1-SNAPSHOT-669
[19:43:47] [Server thread/INFO]: [Multiverse-Core] Loading Multiverse-Core v4.3.2-SNAPSHOT-b870
[19:43:47] [Server thread/INFO]: [SkinsRestorer] Loading SkinsRestorer v15.0.4
[19:43:47] [Server thread/INFO]: [WorldEdit] Loading WorldEdit v7.2.17+6544-56d0383
[19:43:48] [Server thread/INFO]: Got request to register class com.sk89q.worldedit.bukkit.BukkitServerInterface with WorldEdit [com.sk89q.worldedit.extension.platform.PlatformManager@65dd8424]
[19:43:48] [Server thread/INFO]: [CommandPanels] Loading CommandPanels v3.19.1.5
[19:43:48] [Server thread/INFO]: [Multiverse-Portals] Loading Multiverse-Portals v4.2.3
[19:43:48] [Server thread/INFO]: [TabList] Loading TabList v5.6.3
[19:43:48] [Server thread/INFO]: [WorldGuard] Loading WorldGuard v7.0.7+216b061
[19:43:48] [Server thread/INFO]: [Citizens] Loading Citizens v2.0.32-SNAPSHOT (build 3168)
[19:43:48] [Server thread/INFO]: Server permissions file permissions.yml is empty, ignoring it
[19:43:48] [Server thread/INFO]: [Vault] Enabling Vault v1.7.3-b131
[19:43:48] [Server thread/INFO]: [Vault] [Permission] SuperPermissions loaded as backup permission system.
[19:43:48] [Server thread/INFO]: [Vault] Enabled Version 1.7.3-b131
[19:43:48] [Server thread/INFO]: [ProtocolLib] Enabling ProtocolLib v5.1.1-SNAPSHOT-669
[19:43:48] [Server thread/INFO]: [SkinsRestorer] Enabling SkinsRestorer v15.0.4
[19:43:48] [Server thread/INFO]: [33;1m[[32;22mSkinsRestorer[33;1m] [0;39m-------------------------/Warning\-------------------------[0;39m
[19:43:48] [Server thread/INFO]: [33;1m[[32;22mSkinsRestorer[33;1m] [0;39mThis plugin is running in PROXY mode![0;39m
[19:43:48] [Server thread/INFO]: [33;1m[[32;22mSkinsRestorer[33;1m] [0;39mYou have to do all configuration at config file[0;39m
[19:43:48] [Server thread/INFO]: [33;1m[[32;22mSkinsRestorer[33;1m] [0;39minside your BungeeCord/Velocity server.[0;39m
[19:43:48] [Server thread/INFO]: [33;1m[[32;22mSkinsRestorer[33;1m] [0;39m(<proxy>/plugins/SkinsRestorer/)[0;39m
[19:43:48] [Server thread/INFO]: [33;1m[[32;22mSkinsRestorer[33;1m] [0;39m-------------------------\Warning/-------------------------[0;39m
[19:43:49] [Server thread/INFO]: [33;1m[[32;22mSkinsRestorer[33;1m] [0;39m[32;1mDetected Minecraft [33;1mv1_18_R2[32;1m, using [33;1mMappingSpigotSkinRefresher[32;1m.[0;39m
[19:43:49] [Server thread/INFO]: [WorldEdit] Enabling WorldEdit v7.2.17+6544-56d0383
[19:43:49] [Server thread/INFO]: Registering commands with com.sk89q.worldedit.bukkit.BukkitServerInterface
[19:43:49] [Server thread/INFO]: WEPIF: Using the Bukkit Permissions API.
[19:43:49] [Server thread/INFO]: Using com.sk89q.worldedit.bukkit.adapter.impl.v1_18_R2.PaperweightAdapter as the Bukkit adapter
[19:43:51] [Server thread/WARN]: **** SERVER IS RUNNING IN OFFLINE/INSECURE MODE!
[19:43:51] [Server thread/WARN]: The server will make no attempt to authenticate usernames. Beware.
[19:43:51] [Server thread/WARN]: While this makes the game possible to play without internet access, it also opens up the ability for hackers to connect with any username they choose.
[19:43:51] [Server thread/WARN]: To change this, set "online-mode" to "true" in the server.properties file.
[19:43:51] [Server thread/INFO]: Preparing level "lobby"
[19:43:52] [Server thread/INFO]: Preparing start region for dimension minecraft:overworld
[19:43:52] [Server thread/INFO]: Time elapsed: 464 ms
[19:43:52] [Server thread/INFO]: [ViaVersion] Enabling ViaVersion v4.9.2
[19:43:52] [Server thread/INFO]: [ViaVersion] ViaVersion detected server version: 1.18.2 (758)
[19:43:53] [Server thread/INFO]: [Multiverse-Core] Enabling Multiverse-Core v4.3.2-SNAPSHOT-b870
[19:43:53] [Server thread/WARN]: [Multiverse-Core] "Multiverse-Core v4.3.2-SNAPSHOT-b870" has registered a listener for org.bukkit.event.entity.EntityCreatePortalEvent on method "public void com.onarandombox.MultiverseCore.listeners.MVPortalListener.entityPortalCreate(org.bukkit.event.entity.EntityCreatePortalEvent)", but the event is Deprecated. "Server performance will be affected"; please notify the authors [dumptruckman, Rigby, fernferret, lithium3141, main--].
[19:43:53] [Server thread/INFO]: [Multiverse-Core] §aWe are aware of the warning about the deprecated event. There is no alternative that allows us to do what we need to do and performance impact is negligible. It is safe to ignore.
[19:43:53] [Server thread/INFO]: [Multiverse-Core] 1 - World(s) loaded.
[19:43:53] [Server thread/WARN]: [Multiverse-Core] Buscript failed to load! The script command will be disabled! If you would like not to see this message, use `/mv conf enablebuscript false` to disable Buscript from loading.
[19:43:53] [Server thread/INFO]: [Multiverse-Core] Version 4.3.2-SNAPSHOT-b870 (API v24) Enabled - By dumptruckman, Rigby, fernferret, lithium3141 and main--
[19:43:53] [Server thread/INFO]: [CommandPanels] Enabling CommandPanels v3.19.1.5
[19:43:53] [Server thread/INFO]: [CommandPanels] RockyHawk's CommandPanels v3.19.1.5 Plugin Loading...
[19:43:54] [Server thread/INFO]: [CommandPanels] RockyHawk's CommandPanels v3.19.1.5 Plugin Loaded!
[19:43:54] [Server thread/INFO]: [Multiverse-Portals] Enabling Multiverse-Portals v4.2.3
[19:43:54] [Server thread/INFO]: [Multiverse-Portals] 2 - Portals(s) loaded
[19:43:54] [Server thread/INFO]: [Multiverse-Portals] Found WorldEdit. Using it for selections.
[19:43:54] [Server thread/INFO]: [Multiverse-Portals 4.2.3]  Enabled - By Rigby and fernferret
[19:43:54] [Server thread/INFO]: [TabList] Enabling TabList v5.6.3
[19:43:54] [Server thread/INFO]: [TabList] > Enabled v5.6.3 (164ms)
[19:43:54] [Server thread/INFO]: [WorldGuard] Enabling WorldGuard v7.0.7+216b061
[19:43:54] [Server thread/ERROR]: No TreeType mapping for TreeGenerator.TreeType.MANGROVE
[19:43:54] [Server thread/ERROR]: No TreeType mapping for TreeGenerator.TreeType.TALL_MANGROVE
[19:43:54] [Server thread/ERROR]: No TreeType mapping for TreeGenerator.TreeType.CHERRY
[19:43:54] [Server thread/INFO]: [WorldGuard] (lobby) TNT ignition is PERMITTED.
[19:43:54] [Server thread/INFO]: [WorldGuard] (lobby) Lighters are PERMITTED.
[19:43:54] [Server thread/INFO]: [WorldGuard] (lobby) Lava fire is blocked.
[19:43:54] [Server thread/INFO]: [WorldGuard] (lobby) Fire spread is UNRESTRICTED.
[19:43:54] [Server thread/INFO]: [WorldGuard] Loaded configuration for world 'lobby'
[19:43:54] [Server thread/INFO]: [WorldGuard] Loading region data...
[19:43:55] [Server thread/INFO]: [Citizens] Enabling Citizens v2.0.32-SNAPSHOT (build 3168)
[19:43:55] [Server thread/INFO]: [Citizens] Loading external libraries
[19:43:55] [ForkJoinPool.commonPool-worker-1/INFO]: [TabList] -------------
[19:43:55] [ForkJoinPool.commonPool-worker-1/INFO]: [TabList] New update is available for TabList
[19:43:55] [ForkJoinPool.commonPool-worker-1/INFO]: [TabList] Your version: 5.6.3, New version 5.7.5
[19:43:55] [ForkJoinPool.commonPool-worker-1/INFO]: [TabList] 
[19:43:55] [ForkJoinPool.commonPool-worker-1/INFO]: [TabList] To disable update checking, go to the config file
[19:43:55] [ForkJoinPool.commonPool-worker-1/INFO]: [TabList] -------------
[19:43:55] [ForkJoinPool.commonPool-worker-1/INFO]: [TabList] Downloading new version of TabList...
[19:43:55] [Server thread/INFO]: [Citizens] Loaded economy handling via Vault.
[19:43:56] [Server thread/INFO]: Running delayed init tasks
[19:43:56] [Craft Scheduler Thread - 1 - ViaVersion/INFO]: [ViaVersion] Finished mapping loading, shutting down loader executor!
[19:43:56] [Craft Scheduler Thread - 3 - SkinsRestorer/INFO]: [33;1m[[32;22mSkinsRestorer[33;1m] [0;39m[32;1m----------------------------------------------[0;39m
[19:43:56] [Craft Scheduler Thread - 3 - SkinsRestorer/INFO]: [33;1m[[32;22mSkinsRestorer[33;1m] [0;39m[32;1m    +==================+[0;39m
[19:43:56] [Craft Scheduler Thread - 3 - SkinsRestorer/INFO]: [33;1m[[32;22mSkinsRestorer[33;1m] [0;39m[32;1m    |   SkinsRestorer  |[0;39m
[19:43:56] [Craft Scheduler Thread - 3 - SkinsRestorer/INFO]: [33;1m[[32;22mSkinsRestorer[33;1m] [0;39m[32;1m    |------------------|[0;39m
[19:43:56] [Craft Scheduler Thread - 3 - SkinsRestorer/INFO]: [33;1m[[32;22mSkinsRestorer[33;1m] [0;39m[32;1m    |    [33;1mProxy Mode[32;1m    |[0;39m
[19:43:56] [Craft Scheduler Thread - 3 - SkinsRestorer/INFO]: [33;1m[[32;22mSkinsRestorer[33;1m] [0;39m[32;1m    +==================+[0;39m
[19:43:56] [Craft Scheduler Thread - 3 - SkinsRestorer/INFO]: [33;1m[[32;22mSkinsRestorer[33;1m] [0;39m[32;1m----------------------------------------------[0;39m
[19:43:56] [Craft Scheduler Thread - 3 - SkinsRestorer/INFO]: [33;1m[[32;22mSkinsRestorer[33;1m] [0;39m[36;1m    Version: [32;1m15.0.4[0;39m
[19:43:56] [Craft Scheduler Thread - 3 - SkinsRestorer/INFO]: [33;1m[[32;22mSkinsRestorer[33;1m] [0;39m[36;1m    Commit: [32;1m677e967[0;39m
[19:43:56] [Craft Scheduler Thread - 3 - SkinsRestorer/INFO]: [33;1m[[32;22mSkinsRestorer[33;1m] [0;39m[32;1m    This is the latest version![0;39m
[19:43:56] [Craft Scheduler Thread - 3 - SkinsRestorer/INFO]: [33;1m[[32;22mSkinsRestorer[33;1m] [0;39m[32;1m----------------------------------------------[0;39m
[19:43:57] [Server thread/INFO]: [Citizens] Loaded 6 NPCs.
[19:43:57] [Server thread/INFO]: Done (14.957s)! For help, type "help"
[19:43:57] [Server thread/INFO]: Timings Reset
[19:44:03] [Server thread/INFO]: Stopping server
[19:44:03] [Server thread/INFO]: [Citizens] Disabling Citizens v2.0.32-SNAPSHOT (build 3168)
[19:44:03] [Server thread/INFO]: [WorldGuard] Disabling WorldGuard v7.0.7+216b061
[19:44:03] [Server thread/INFO]: [WorldGuard] Shutting down executor and cancelling any pending tasks...
[19:44:03] [Server thread/INFO]: [TabList] Disabling TabList v5.6.3
[19:44:03] [Server thread/INFO]: [Multiverse-Portals] Disabling Multiverse-Portals v4.2.3
[19:44:03] [Server thread/INFO]: [CommandPanels] Disabling CommandPanels v3.19.1.5
[19:44:03] [Server thread/INFO]: RockyHawk's CommandPanels Plugin Disabled, aww man.
[19:44:03] [Server thread/INFO]: [WorldEdit] Disabling WorldEdit v7.2.17+6544-56d0383
[19:44:03] [Server thread/INFO]: Unregistering com.sk89q.worldedit.bukkit.BukkitServerInterface from WorldEdit
[19:44:03] [Server thread/INFO]: [SkinsRestorer] Disabling SkinsRestorer v15.0.4
[19:44:03] [Server thread/INFO]: [Multiverse-Core] Disabling Multiverse-Core v4.3.2-SNAPSHOT-b870
[19:44:03] [Server thread/INFO]: [ProtocolLib] Disabling ProtocolLib v5.1.1-SNAPSHOT-669
[19:44:03] [Server thread/INFO]: [Vault] Disabling Vault v1.7.3-b131
[19:44:03] [Server thread/INFO]: [ViaVersion] Disabling ViaVersion v4.9.2
[19:44:03] [Server thread/INFO]: [ViaVersion] ViaVersion is disabling, if this is a reload and you experience issues consider rebooting.
[19:44:03] [Server thread/INFO]: Saving players
[19:44:03] [Server thread/INFO]: Saving worlds
[19:44:03] [Server thread/INFO]: Saving chunks for level 'ServerLevel[lobby]'/minecraft:overworld
[19:44:04] [Server thread/INFO]: ThreadedAnvilChunkStorage (lobby): All chunks are saved
[19:44:04] [Server thread/INFO]: ThreadedAnvilChunkStorage: All dimensions are saved
[19:44:04] [Server thread/INFO]: Flushing Chunk IO
[19:44:04] [Server thread/INFO]: Closing Thread Pool
[19:44:04] [Server thread/INFO]: Closing Server
